<?xml version="1.0" encoding="UTF-8"?>
<testsuite name="DemoWebShop.RemoveProductTest" tests="1" skipped="1" failures="0" errors="0" timestamp="2023-09-14T15:20:38" hostname="DESKTOP-OS617JJ" time="0.0">
  <properties/>
  <testcase name="removeProductPositiveTest" classname="DemoWebShop.RemoveProductTest" time="0.0">
    <skipped/>
  </testcase>
  <system-out><![CDATA[]]></system-out>
  <system-err><![CDATA[]]></system-err>
</testsuite>
