<?xml version="1.0" encoding="UTF-8"?>
<testsuite name="DemoWebShop.LoginTests" tests="1" skipped="1" failures="0" errors="0" timestamp="2023-09-14T15:20:38" hostname="DESKTOP-OS617JJ" time="0.001">
  <properties/>
  <testcase name="loginPositiveTest" classname="DemoWebShop.LoginTests" time="0.001">
    <skipped/>
  </testcase>
  <system-out><![CDATA[]]></system-out>
  <system-err><![CDATA[]]></system-err>
</testsuite>
